<?xml version='1.0' encoding='UTF-8'?>
<testsuite name="Preview Screenshot Test Engine" tests="18" skipped="0" failures="0" errors="0" time="2.526" hostname="Praveens-MacBook-Pro-2.local" timestamp="2026-04-01T16:14:02">
<properties>
<property name="deviceId" value="Preview"/>
<property name="deviceDisplayName" value="Preview"/>
</properties>
<testcase name="PrimaryButtonAllAnnotations_Phone - Landscape_{device=spec:width = 411dp, height = 891dp, orientation = landscape, dpi = 420, showSystemUi=true}" classname="com.example.screenshottesting.AllBuiltInAnnotationsScreenshots" time="0.005">
<properties>
<property name="PreviewScreenshot.diffPercent" value="0.0"/>
<property name="PreviewScreenshot.previewName" value="Phone - Landscape"/>
<property name="PreviewScreenshot.methodName" value="PrimaryButtonAllAnnotations"/>
<property name="PreviewScreenshot.refImagePath" value="/Users/praveenkumar/StudioProjects/ComposeScreenshotTesting/app/src/screenshotTestDebug/reference/com/example/screenshottesting/AllBuiltInAnnotationsScreenshots/PrimaryButtonAllAnnotations_Phone - Landscape_43e84ea8_0.png"/>
<property name="PreviewScreenshot.newImagePath" value="/Users/praveenkumar/StudioProjects/ComposeScreenshotTesting/app/build/outputs/screenshotTest-results/preview/debug/rendered/com/example/screenshottesting/AllBuiltInAnnotationsScreenshots/PrimaryButtonAllAnnotations_Phone - Landscape_43e84ea8_0.png"/>
</properties>

<system-out><![CDATA[
unique-id: [engine:preview-screenshot-test-engine]/[class:com.example.screenshottesting.AllBuiltInAnnotationsScreenshots]/[method:PrimaryButtonAllAnnotations]/[previewAnnotation:com.example.screenshottesting.AllBuiltInAnnotationsScreenshots.PrimaryButtonAllAnnotations_Phone - Landscape_43e84ea8]/[previewId:com.example.screenshottesting.AllBuiltInAnnotationsScreenshots.PrimaryButtonAllAnnotations_Phone - Landscape_43e84ea8_0]
display-name: PrimaryButtonAllAnnotations_Phone - Landscape_{device=spec:width = 411dp, height = 891dp, orientation = landscape, dpi = 420, showSystemUi=true}
]]></system-out>
</testcase>
<testcase name="PrimaryButtonAllAnnotations_150%_{fontScale=1.5}" classname="com.example.screenshottesting.AllBuiltInAnnotationsScreenshots" time="0.006">
<properties>
<property name="PreviewScreenshot.diffPercent" value="0.0"/>
<property name="PreviewScreenshot.previewName" value="150%"/>
<property name="PreviewScreenshot.methodName" value="PrimaryButtonAllAnnotations"/>
<property name="PreviewScreenshot.refImagePath" value="/Users/praveenkumar/StudioProjects/ComposeScreenshotTesting/app/src/screenshotTestDebug/reference/com/example/screenshottesting/AllBuiltInAnnotationsScreenshots/PrimaryButtonAllAnnotations_150%_c8748f69_0.png"/>
<property name="PreviewScreenshot.newImagePath" value="/Users/praveenkumar/StudioProjects/ComposeScreenshotTesting/app/build/outputs/screenshotTest-results/preview/debug/rendered/com/example/screenshottesting/AllBuiltInAnnotationsScreenshots/PrimaryButtonAllAnnotations_150%_c8748f69_0.png"/>
</properties>

<system-out><![CDATA[
unique-id: [engine:preview-screenshot-test-engine]/[class:com.example.screenshottesting.AllBuiltInAnnotationsScreenshots]/[method:PrimaryButtonAllAnnotations]/[previewAnnotation:com.example.screenshottesting.AllBuiltInAnnotationsScreenshots.PrimaryButtonAllAnnotations_150%25_c8748f69]/[previewId:com.example.screenshottesting.AllBuiltInAnnotationsScreenshots.PrimaryButtonAllAnnotations_150%25_c8748f69_0]
display-name: PrimaryButtonAllAnnotations_150%_{fontScale=1.5}
]]></system-out>
</testcase>
<testcase name="PrimaryButtonAllAnnotations_115%_{fontScale=1.15}" classname="com.example.screenshottesting.AllBuiltInAnnotationsScreenshots" time="0.006">
<properties>
<property name="PreviewScreenshot.diffPercent" value="0.0"/>
<property name="PreviewScreenshot.previewName" value="115%"/>
<property name="PreviewScreenshot.methodName" value="PrimaryButtonAllAnnotations"/>
<property name="PreviewScreenshot.refImagePath" value="/Users/praveenkumar/StudioProjects/ComposeScreenshotTesting/app/src/screenshotTestDebug/reference/com/example/screenshottesting/AllBuiltInAnnotationsScreenshots/PrimaryButtonAllAnnotations_115%_02ba7b27_0.png"/>
<property name="PreviewScreenshot.newImagePath" value="/Users/praveenkumar/StudioProjects/ComposeScreenshotTesting/app/build/outputs/screenshotTest-results/preview/debug/rendered/com/example/screenshottesting/AllBuiltInAnnotationsScreenshots/PrimaryButtonAllAnnotations_115%_02ba7b27_0.png"/>
</properties>

<system-out><![CDATA[
unique-id: [engine:preview-screenshot-test-engine]/[class:com.example.screenshottesting.AllBuiltInAnnotationsScreenshots]/[method:PrimaryButtonAllAnnotations]/[previewAnnotation:com.example.screenshottesting.AllBuiltInAnnotationsScreenshots.PrimaryButtonAllAnnotations_115%25_02ba7b27]/[previewId:com.example.screenshottesting.AllBuiltInAnnotationsScreenshots.PrimaryButtonAllAnnotations_115%25_02ba7b27_0]
display-name: PrimaryButtonAllAnnotations_115%_{fontScale=1.15}
]]></system-out>
</testcase>
<testcase name="PrimaryButtonAllAnnotations_Yellow_{wallpaper=3}" classname="com.example.screenshottesting.AllBuiltInAnnotationsScreenshots" time="0.004">
<properties>
<property name="PreviewScreenshot.diffPercent" value="0.0"/>
<property name="PreviewScreenshot.previewName" value="Yellow"/>
<property name="PreviewScreenshot.methodName" value="PrimaryButtonAllAnnotations"/>
<property name="PreviewScreenshot.refImagePath" value="/Users/praveenkumar/StudioProjects/ComposeScreenshotTesting/app/src/screenshotTestDebug/reference/com/example/screenshottesting/AllBuiltInAnnotationsScreenshots/PrimaryButtonAllAnnotations_Yellow_69556b7a_0.png"/>
<property name="PreviewScreenshot.newImagePath" value="/Users/praveenkumar/StudioProjects/ComposeScreenshotTesting/app/build/outputs/screenshotTest-results/preview/debug/rendered/com/example/screenshottesting/AllBuiltInAnnotationsScreenshots/PrimaryButtonAllAnnotations_Yellow_69556b7a_0.png"/>
</properties>

<system-out><![CDATA[
unique-id: [engine:preview-screenshot-test-engine]/[class:com.example.screenshottesting.AllBuiltInAnnotationsScreenshots]/[method:PrimaryButtonAllAnnotations]/[previewAnnotation:com.example.screenshottesting.AllBuiltInAnnotationsScreenshots.PrimaryButtonAllAnnotations_Yellow_69556b7a]/[previewId:com.example.screenshottesting.AllBuiltInAnnotationsScreenshots.PrimaryButtonAllAnnotations_Yellow_69556b7a_0]
display-name: PrimaryButtonAllAnnotations_Yellow_{wallpaper=3}
]]></system-out>
</testcase>
<testcase name="PrimaryButtonAllAnnotations_Blue_{wallpaper=2}" classname="com.example.screenshottesting.AllBuiltInAnnotationsScreenshots" time="0.004">
<properties>
<property name="PreviewScreenshot.diffPercent" value="0.0"/>
<property name="PreviewScreenshot.previewName" value="Blue"/>
<property name="PreviewScreenshot.methodName" value="PrimaryButtonAllAnnotations"/>
<property name="PreviewScreenshot.refImagePath" value="/Users/praveenkumar/StudioProjects/ComposeScreenshotTesting/app/src/screenshotTestDebug/reference/com/example/screenshottesting/AllBuiltInAnnotationsScreenshots/PrimaryButtonAllAnnotations_Blue_f392991b_0.png"/>
<property name="PreviewScreenshot.newImagePath" value="/Users/praveenkumar/StudioProjects/ComposeScreenshotTesting/app/build/outputs/screenshotTest-results/preview/debug/rendered/com/example/screenshottesting/AllBuiltInAnnotationsScreenshots/PrimaryButtonAllAnnotations_Blue_f392991b_0.png"/>
</properties>

<system-out><![CDATA[
unique-id: [engine:preview-screenshot-test-engine]/[class:com.example.screenshottesting.AllBuiltInAnnotationsScreenshots]/[method:PrimaryButtonAllAnnotations]/[previewAnnotation:com.example.screenshottesting.AllBuiltInAnnotationsScreenshots.PrimaryButtonAllAnnotations_Blue_f392991b]/[previewId:com.example.screenshottesting.AllBuiltInAnnotationsScreenshots.PrimaryButtonAllAnnotations_Blue_f392991b_0]
display-name: PrimaryButtonAllAnnotations_Blue_{wallpaper=2}
]]></system-out>
</testcase>
<testcase name="PrimaryButtonAllAnnotations_Tablet_{device=spec:id=reference_tablet,shape=Normal,width=1280,height=800,unit=dp,dpi=240, showSystemUi=true}" classname="com.example.screenshottesting.AllBuiltInAnnotationsScreenshots" time="0.004">
<properties>
<property name="PreviewScreenshot.diffPercent" value="0.0"/>
<property name="PreviewScreenshot.previewName" value="Tablet"/>
<property name="PreviewScreenshot.methodName" value="PrimaryButtonAllAnnotations"/>
<property name="PreviewScreenshot.refImagePath" value="/Users/praveenkumar/StudioProjects/ComposeScreenshotTesting/app/src/screenshotTestDebug/reference/com/example/screenshottesting/AllBuiltInAnnotationsScreenshots/PrimaryButtonAllAnnotations_Tablet_2a635744_0.png"/>
<property name="PreviewScreenshot.newImagePath" value="/Users/praveenkumar/StudioProjects/ComposeScreenshotTesting/app/build/outputs/screenshotTest-results/preview/debug/rendered/com/example/screenshottesting/AllBuiltInAnnotationsScreenshots/PrimaryButtonAllAnnotations_Tablet_2a635744_0.png"/>
</properties>

<system-out><![CDATA[
unique-id: [engine:preview-screenshot-test-engine]/[class:com.example.screenshottesting.AllBuiltInAnnotationsScreenshots]/[method:PrimaryButtonAllAnnotations]/[previewAnnotation:com.example.screenshottesting.AllBuiltInAnnotationsScreenshots.PrimaryButtonAllAnnotations_Tablet_2a635744]/[previewId:com.example.screenshottesting.AllBuiltInAnnotationsScreenshots.PrimaryButtonAllAnnotations_Tablet_2a635744_0]
display-name: PrimaryButtonAllAnnotations_Tablet_{device=spec:id=reference_tablet,shape=Normal,width=1280,height=800,unit=dp,dpi=240, showSystemUi=true}
]]></system-out>
</testcase>
<testcase name="PrimaryButtonAllAnnotations_Desktop_{device=spec:id=reference_desktop,shape=Normal,width=1920,height=1080,unit=dp,dpi=160, showSystemUi=true}" classname="com.example.screenshottesting.AllBuiltInAnnotationsScreenshots" time="0.004">
<properties>
<property name="PreviewScreenshot.diffPercent" value="0.0"/>
<property name="PreviewScreenshot.previewName" value="Desktop"/>
<property name="PreviewScreenshot.methodName" value="PrimaryButtonAllAnnotations"/>
<property name="PreviewScreenshot.refImagePath" value="/Users/praveenkumar/StudioProjects/ComposeScreenshotTesting/app/src/screenshotTestDebug/reference/com/example/screenshottesting/AllBuiltInAnnotationsScreenshots/PrimaryButtonAllAnnotations_Desktop_ca7d70fb_0.png"/>
<property name="PreviewScreenshot.newImagePath" value="/Users/praveenkumar/StudioProjects/ComposeScreenshotTesting/app/build/outputs/screenshotTest-results/preview/debug/rendered/com/example/screenshottesting/AllBuiltInAnnotationsScreenshots/PrimaryButtonAllAnnotations_Desktop_ca7d70fb_0.png"/>
</properties>

<system-out><![CDATA[
unique-id: [engine:preview-screenshot-test-engine]/[class:com.example.screenshottesting.AllBuiltInAnnotationsScreenshots]/[method:PrimaryButtonAllAnnotations]/[previewAnnotation:com.example.screenshottesting.AllBuiltInAnnotationsScreenshots.PrimaryButtonAllAnnotations_Desktop_ca7d70fb]/[previewId:com.example.screenshottesting.AllBuiltInAnnotationsScreenshots.PrimaryButtonAllAnnotations_Desktop_ca7d70fb_0]
display-name: PrimaryButtonAllAnnotations_Desktop_{device=spec:id=reference_desktop,shape=Normal,width=1920,height=1080,unit=dp,dpi=160, showSystemUi=true}
]]></system-out>
</testcase>
<testcase name="PrimaryButtonAllAnnotations_180%_{fontScale=1.8}" classname="com.example.screenshottesting.AllBuiltInAnnotationsScreenshots" time="0.008">
<properties>
<property name="PreviewScreenshot.diffPercent" value="0.0"/>
<property name="PreviewScreenshot.previewName" value="180%"/>
<property name="PreviewScreenshot.methodName" value="PrimaryButtonAllAnnotations"/>
<property name="PreviewScreenshot.refImagePath" value="/Users/praveenkumar/StudioProjects/ComposeScreenshotTesting/app/src/screenshotTestDebug/reference/com/example/screenshottesting/AllBuiltInAnnotationsScreenshots/PrimaryButtonAllAnnotations_180%_54e5fc70_0.png"/>
<property name="PreviewScreenshot.newImagePath" value="/Users/praveenkumar/StudioProjects/ComposeScreenshotTesting/app/build/outputs/screenshotTest-results/preview/debug/rendered/com/example/screenshottesting/AllBuiltInAnnotationsScreenshots/PrimaryButtonAllAnnotations_180%_54e5fc70_0.png"/>
</properties>

<system-out><![CDATA[
unique-id: [engine:preview-screenshot-test-engine]/[class:com.example.screenshottesting.AllBuiltInAnnotationsScreenshots]/[method:PrimaryButtonAllAnnotations]/[previewAnnotation:com.example.screenshottesting.AllBuiltInAnnotationsScreenshots.PrimaryButtonAllAnnotations_180%25_54e5fc70]/[previewId:com.example.screenshottesting.AllBuiltInAnnotationsScreenshots.PrimaryButtonAllAnnotations_180%25_54e5fc70_0]
display-name: PrimaryButtonAllAnnotations_180%_{fontScale=1.8}
]]></system-out>
</testcase>
<testcase name="PrimaryButtonAllAnnotations_100%_{fontScale=1.0}" classname="com.example.screenshottesting.AllBuiltInAnnotationsScreenshots" time="0.006">
<properties>
<property name="PreviewScreenshot.diffPercent" value="0.0"/>
<property name="PreviewScreenshot.previewName" value="100%"/>
<property name="PreviewScreenshot.methodName" value="PrimaryButtonAllAnnotations"/>
<property name="PreviewScreenshot.refImagePath" value="/Users/praveenkumar/StudioProjects/ComposeScreenshotTesting/app/src/screenshotTestDebug/reference/com/example/screenshottesting/AllBuiltInAnnotationsScreenshots/PrimaryButtonAllAnnotations_100%_d8fdc6a2_0.png"/>
<property name="PreviewScreenshot.newImagePath" value="/Users/praveenkumar/StudioProjects/ComposeScreenshotTesting/app/build/outputs/screenshotTest-results/preview/debug/rendered/com/example/screenshottesting/AllBuiltInAnnotationsScreenshots/PrimaryButtonAllAnnotations_100%_d8fdc6a2_0.png"/>
</properties>

<system-out><![CDATA[
unique-id: [engine:preview-screenshot-test-engine]/[class:com.example.screenshottesting.AllBuiltInAnnotationsScreenshots]/[method:PrimaryButtonAllAnnotations]/[previewAnnotation:com.example.screenshottesting.AllBuiltInAnnotationsScreenshots.PrimaryButtonAllAnnotations_100%25_d8fdc6a2]/[previewId:com.example.screenshottesting.AllBuiltInAnnotationsScreenshots.PrimaryButtonAllAnnotations_100%25_d8fdc6a2_0]
display-name: PrimaryButtonAllAnnotations_100%_{fontScale=1.0}
]]></system-out>
</testcase>
<testcase name="PrimaryButtonAllAnnotations_Green_{wallpaper=1}" classname="com.example.screenshottesting.AllBuiltInAnnotationsScreenshots" time="0.004">
<properties>
<property name="PreviewScreenshot.diffPercent" value="0.0"/>
<property name="PreviewScreenshot.previewName" value="Green"/>
<property name="PreviewScreenshot.methodName" value="PrimaryButtonAllAnnotations"/>
<property name="PreviewScreenshot.refImagePath" value="/Users/praveenkumar/StudioProjects/ComposeScreenshotTesting/app/src/screenshotTestDebug/reference/com/example/screenshottesting/AllBuiltInAnnotationsScreenshots/PrimaryButtonAllAnnotations_Green_da0ca2d3_0.png"/>
<property name="PreviewScreenshot.newImagePath" value="/Users/praveenkumar/StudioProjects/ComposeScreenshotTesting/app/build/outputs/screenshotTest-results/preview/debug/rendered/com/example/screenshottesting/AllBuiltInAnnotationsScreenshots/PrimaryButtonAllAnnotations_Green_da0ca2d3_0.png"/>
</properties>

<system-out><![CDATA[
unique-id: [engine:preview-screenshot-test-engine]/[class:com.example.screenshottesting.AllBuiltInAnnotationsScreenshots]/[method:PrimaryButtonAllAnnotations]/[previewAnnotation:com.example.screenshottesting.AllBuiltInAnnotationsScreenshots.PrimaryButtonAllAnnotations_Green_da0ca2d3]/[previewId:com.example.screenshottesting.AllBuiltInAnnotationsScreenshots.PrimaryButtonAllAnnotations_Green_da0ca2d3_0]
display-name: PrimaryButtonAllAnnotations_Green_{wallpaper=1}
]]></system-out>
</testcase>
<testcase name="PrimaryButtonAllAnnotations_200%_{fontScale=2.0}" classname="com.example.screenshottesting.AllBuiltInAnnotationsScreenshots" time="0.008">
<properties>
<property name="PreviewScreenshot.diffPercent" value="0.0"/>
<property name="PreviewScreenshot.previewName" value="200%"/>
<property name="PreviewScreenshot.methodName" value="PrimaryButtonAllAnnotations"/>
<property name="PreviewScreenshot.refImagePath" value="/Users/praveenkumar/StudioProjects/ComposeScreenshotTesting/app/src/screenshotTestDebug/reference/com/example/screenshottesting/AllBuiltInAnnotationsScreenshots/PrimaryButtonAllAnnotations_200%_88d2734d_0.png"/>
<property name="PreviewScreenshot.newImagePath" value="/Users/praveenkumar/StudioProjects/ComposeScreenshotTesting/app/build/outputs/screenshotTest-results/preview/debug/rendered/com/example/screenshottesting/AllBuiltInAnnotationsScreenshots/PrimaryButtonAllAnnotations_200%_88d2734d_0.png"/>
</properties>

<system-out><![CDATA[
unique-id: [engine:preview-screenshot-test-engine]/[class:com.example.screenshottesting.AllBuiltInAnnotationsScreenshots]/[method:PrimaryButtonAllAnnotations]/[previewAnnotation:com.example.screenshottesting.AllBuiltInAnnotationsScreenshots.PrimaryButtonAllAnnotations_200%25_88d2734d]/[previewId:com.example.screenshottesting.AllBuiltInAnnotationsScreenshots.PrimaryButtonAllAnnotations_200%25_88d2734d_0]
display-name: PrimaryButtonAllAnnotations_200%_{fontScale=2.0}
]]></system-out>
</testcase>
<testcase name="PrimaryButtonAllAnnotations_85%_{fontScale=0.85}" classname="com.example.screenshottesting.AllBuiltInAnnotationsScreenshots" time="0.006">
<properties>
<property name="PreviewScreenshot.diffPercent" value="0.0"/>
<property name="PreviewScreenshot.previewName" value="85%"/>
<property name="PreviewScreenshot.methodName" value="PrimaryButtonAllAnnotations"/>
<property name="PreviewScreenshot.refImagePath" value="/Users/praveenkumar/StudioProjects/ComposeScreenshotTesting/app/src/screenshotTestDebug/reference/com/example/screenshottesting/AllBuiltInAnnotationsScreenshots/PrimaryButtonAllAnnotations_85%_9903910f_0.png"/>
<property name="PreviewScreenshot.newImagePath" value="/Users/praveenkumar/StudioProjects/ComposeScreenshotTesting/app/build/outputs/screenshotTest-results/preview/debug/rendered/com/example/screenshottesting/AllBuiltInAnnotationsScreenshots/PrimaryButtonAllAnnotations_85%_9903910f_0.png"/>
</properties>

<system-out><![CDATA[
unique-id: [engine:preview-screenshot-test-engine]/[class:com.example.screenshottesting.AllBuiltInAnnotationsScreenshots]/[method:PrimaryButtonAllAnnotations]/[previewAnnotation:com.example.screenshottesting.AllBuiltInAnnotationsScreenshots.PrimaryButtonAllAnnotations_85%25_9903910f]/[previewId:com.example.screenshottesting.AllBuiltInAnnotationsScreenshots.PrimaryButtonAllAnnotations_85%25_9903910f_0]
display-name: PrimaryButtonAllAnnotations_85%_{fontScale=0.85}
]]></system-out>
</testcase>
<testcase name="PrimaryButtonAllAnnotations_Red_{wallpaper=0}" classname="com.example.screenshottesting.AllBuiltInAnnotationsScreenshots" time="0.004">
<properties>
<property name="PreviewScreenshot.diffPercent" value="0.0"/>
<property name="PreviewScreenshot.previewName" value="Red"/>
<property name="PreviewScreenshot.methodName" value="PrimaryButtonAllAnnotations"/>
<property name="PreviewScreenshot.refImagePath" value="/Users/praveenkumar/StudioProjects/ComposeScreenshotTesting/app/src/screenshotTestDebug/reference/com/example/screenshottesting/AllBuiltInAnnotationsScreenshots/PrimaryButtonAllAnnotations_Red_91774be3_0.png"/>
<property name="PreviewScreenshot.newImagePath" value="/Users/praveenkumar/StudioProjects/ComposeScreenshotTesting/app/build/outputs/screenshotTest-results/preview/debug/rendered/com/example/screenshottesting/AllBuiltInAnnotationsScreenshots/PrimaryButtonAllAnnotations_Red_91774be3_0.png"/>
</properties>

<system-out><![CDATA[
unique-id: [engine:preview-screenshot-test-engine]/[class:com.example.screenshottesting.AllBuiltInAnnotationsScreenshots]/[method:PrimaryButtonAllAnnotations]/[previewAnnotation:com.example.screenshottesting.AllBuiltInAnnotationsScreenshots.PrimaryButtonAllAnnotations_Red_91774be3]/[previewId:com.example.screenshottesting.AllBuiltInAnnotationsScreenshots.PrimaryButtonAllAnnotations_Red_91774be3_0]
display-name: PrimaryButtonAllAnnotations_Red_{wallpaper=0}
]]></system-out>
</testcase>
<testcase name="PrimaryButtonAllAnnotations_Dark_{uiMode=33}" classname="com.example.screenshottesting.AllBuiltInAnnotationsScreenshots" time="0.01">
<properties>
<property name="PreviewScreenshot.diffPercent" value="0.0"/>
<property name="PreviewScreenshot.previewName" value="Dark"/>
<property name="PreviewScreenshot.methodName" value="PrimaryButtonAllAnnotations"/>
<property name="PreviewScreenshot.refImagePath" value="/Users/praveenkumar/StudioProjects/ComposeScreenshotTesting/app/src/screenshotTestDebug/reference/com/example/screenshottesting/AllBuiltInAnnotationsScreenshots/PrimaryButtonAllAnnotations_Dark_d19fbf1f_0.png"/>
<property name="PreviewScreenshot.newImagePath" value="/Users/praveenkumar/StudioProjects/ComposeScreenshotTesting/app/build/outputs/screenshotTest-results/preview/debug/rendered/com/example/screenshottesting/AllBuiltInAnnotationsScreenshots/PrimaryButtonAllAnnotations_Dark_d19fbf1f_0.png"/>
</properties>

<system-out><![CDATA[
unique-id: [engine:preview-screenshot-test-engine]/[class:com.example.screenshottesting.AllBuiltInAnnotationsScreenshots]/[method:PrimaryButtonAllAnnotations]/[previewAnnotation:com.example.screenshottesting.AllBuiltInAnnotationsScreenshots.PrimaryButtonAllAnnotations_Dark_d19fbf1f]/[previewId:com.example.screenshottesting.AllBuiltInAnnotationsScreenshots.PrimaryButtonAllAnnotations_Dark_d19fbf1f_0]
display-name: PrimaryButtonAllAnnotations_Dark_{uiMode=33}
]]></system-out>
</testcase>
<testcase name="PrimaryButtonAllAnnotations_130%_{fontScale=1.3}" classname="com.example.screenshottesting.AllBuiltInAnnotationsScreenshots" time="0.007">
<properties>
<property name="PreviewScreenshot.diffPercent" value="0.0"/>
<property name="PreviewScreenshot.previewName" value="130%"/>
<property name="PreviewScreenshot.methodName" value="PrimaryButtonAllAnnotations"/>
<property name="PreviewScreenshot.refImagePath" value="/Users/praveenkumar/StudioProjects/ComposeScreenshotTesting/app/src/screenshotTestDebug/reference/com/example/screenshottesting/AllBuiltInAnnotationsScreenshots/PrimaryButtonAllAnnotations_130%_877eaf96_0.png"/>
<property name="PreviewScreenshot.newImagePath" value="/Users/praveenkumar/StudioProjects/ComposeScreenshotTesting/app/build/outputs/screenshotTest-results/preview/debug/rendered/com/example/screenshottesting/AllBuiltInAnnotationsScreenshots/PrimaryButtonAllAnnotations_130%_877eaf96_0.png"/>
</properties>

<system-out><![CDATA[
unique-id: [engine:preview-screenshot-test-engine]/[class:com.example.screenshottesting.AllBuiltInAnnotationsScreenshots]/[method:PrimaryButtonAllAnnotations]/[previewAnnotation:com.example.screenshottesting.AllBuiltInAnnotationsScreenshots.PrimaryButtonAllAnnotations_130%25_877eaf96]/[previewId:com.example.screenshottesting.AllBuiltInAnnotationsScreenshots.PrimaryButtonAllAnnotations_130%25_877eaf96_0]
display-name: PrimaryButtonAllAnnotations_130%_{fontScale=1.3}
]]></system-out>
</testcase>
<testcase name="PrimaryButtonAllAnnotations_Unfolded Foldable_{device=spec:id=reference_foldable,shape=Normal,width=673,height=841,unit=dp,dpi=420, showSystemUi=true}" classname="com.example.screenshottesting.AllBuiltInAnnotationsScreenshots" time="0.005">
<properties>
<property name="PreviewScreenshot.diffPercent" value="0.0"/>
<property name="PreviewScreenshot.previewName" value="Unfolded Foldable"/>
<property name="PreviewScreenshot.methodName" value="PrimaryButtonAllAnnotations"/>
<property name="PreviewScreenshot.refImagePath" value="/Users/praveenkumar/StudioProjects/ComposeScreenshotTesting/app/src/screenshotTestDebug/reference/com/example/screenshottesting/AllBuiltInAnnotationsScreenshots/PrimaryButtonAllAnnotations_Unfolded Foldable_4e99773a_0.png"/>
<property name="PreviewScreenshot.newImagePath" value="/Users/praveenkumar/StudioProjects/ComposeScreenshotTesting/app/build/outputs/screenshotTest-results/preview/debug/rendered/com/example/screenshottesting/AllBuiltInAnnotationsScreenshots/PrimaryButtonAllAnnotations_Unfolded Foldable_4e99773a_0.png"/>
</properties>

<system-out><![CDATA[
unique-id: [engine:preview-screenshot-test-engine]/[class:com.example.screenshottesting.AllBuiltInAnnotationsScreenshots]/[method:PrimaryButtonAllAnnotations]/[previewAnnotation:com.example.screenshottesting.AllBuiltInAnnotationsScreenshots.PrimaryButtonAllAnnotations_Unfolded Foldable_4e99773a]/[previewId:com.example.screenshottesting.AllBuiltInAnnotationsScreenshots.PrimaryButtonAllAnnotations_Unfolded Foldable_4e99773a_0]
display-name: PrimaryButtonAllAnnotations_Unfolded Foldable_{device=spec:id=reference_foldable,shape=Normal,width=673,height=841,unit=dp,dpi=420, showSystemUi=true}
]]></system-out>
</testcase>
<testcase name="PrimaryButtonAllAnnotations_Phone_{device=spec:id=reference_phone,shape=Normal,width=411,height=891,unit=dp,dpi=420, showSystemUi=true}" classname="com.example.screenshottesting.AllBuiltInAnnotationsScreenshots" time="0.008">
<properties>
<property name="PreviewScreenshot.diffPercent" value="0.0"/>
<property name="PreviewScreenshot.previewName" value="Phone"/>
<property name="PreviewScreenshot.methodName" value="PrimaryButtonAllAnnotations"/>
<property name="PreviewScreenshot.refImagePath" value="/Users/praveenkumar/StudioProjects/ComposeScreenshotTesting/app/src/screenshotTestDebug/reference/com/example/screenshottesting/AllBuiltInAnnotationsScreenshots/PrimaryButtonAllAnnotations_Phone_69f9ee8f_0.png"/>
<property name="PreviewScreenshot.newImagePath" value="/Users/praveenkumar/StudioProjects/ComposeScreenshotTesting/app/build/outputs/screenshotTest-results/preview/debug/rendered/com/example/screenshottesting/AllBuiltInAnnotationsScreenshots/PrimaryButtonAllAnnotations_Phone_69f9ee8f_0.png"/>
</properties>

<system-out><![CDATA[
unique-id: [engine:preview-screenshot-test-engine]/[class:com.example.screenshottesting.AllBuiltInAnnotationsScreenshots]/[method:PrimaryButtonAllAnnotations]/[previewAnnotation:com.example.screenshottesting.AllBuiltInAnnotationsScreenshots.PrimaryButtonAllAnnotations_Phone_69f9ee8f]/[previewId:com.example.screenshottesting.AllBuiltInAnnotationsScreenshots.PrimaryButtonAllAnnotations_Phone_69f9ee8f_0]
display-name: PrimaryButtonAllAnnotations_Phone_{device=spec:id=reference_phone,shape=Normal,width=411,height=891,unit=dp,dpi=420, showSystemUi=true}
]]></system-out>
</testcase>
<testcase name="PrimaryButtonAllAnnotations_Light" classname="com.example.screenshottesting.AllBuiltInAnnotationsScreenshots" time="0.02">
<properties>
<property name="PreviewScreenshot.diffPercent" value="0.0"/>
<property name="PreviewScreenshot.previewName" value="Light"/>
<property name="PreviewScreenshot.methodName" value="PrimaryButtonAllAnnotations"/>
<property name="PreviewScreenshot.refImagePath" value="/Users/praveenkumar/StudioProjects/ComposeScreenshotTesting/app/src/screenshotTestDebug/reference/com/example/screenshottesting/AllBuiltInAnnotationsScreenshots/PrimaryButtonAllAnnotations_Light_b29dc7a7_0.png"/>
<property name="PreviewScreenshot.newImagePath" value="/Users/praveenkumar/StudioProjects/ComposeScreenshotTesting/app/build/outputs/screenshotTest-results/preview/debug/rendered/com/example/screenshottesting/AllBuiltInAnnotationsScreenshots/PrimaryButtonAllAnnotations_Light_b29dc7a7_0.png"/>
</properties>

<system-out><![CDATA[
unique-id: [engine:preview-screenshot-test-engine]/[class:com.example.screenshottesting.AllBuiltInAnnotationsScreenshots]/[method:PrimaryButtonAllAnnotations]/[previewAnnotation:com.example.screenshottesting.AllBuiltInAnnotationsScreenshots.PrimaryButtonAllAnnotations_Light_b29dc7a7]/[previewId:com.example.screenshottesting.AllBuiltInAnnotationsScreenshots.PrimaryButtonAllAnnotations_Light_b29dc7a7_0]
display-name: PrimaryButtonAllAnnotations_Light
]]></system-out>
</testcase>
<system-out><![CDATA[
unique-id: [engine:preview-screenshot-test-engine]
display-name: Preview Screenshot Test Engine
]]></system-out>
</testsuite>
